SF:lib/src/timetable.dart
DA:40,2
DA:51,1
DA:53,1
DA:54,1
DA:64,6
DA:66,1
DA:68,4
DA:69,4
DA:70,3
DA:71,7
DA:73,4
DA:75,1
DA:78,1
DA:80,1
DA:81,3
DA:83,2
DA:84,2
DA:85,2
DA:86,1
DA:89,1
DA:90,1
DA:91,2
DA:94,1
DA:95,2
DA:96,1
DA:97,2
DA:98,7
DA:102,3
DA:105,1
DA:106,3
DA:108,1
DA:109,1
DA:110,1
DA:111,6
DA:112,2
DA:113,1
DA:114,3
DA:115,2
DA:123,1
DA:124,1
DA:125,1
DA:126,1
DA:127,1
DA:128,1
DA:129,1
DA:130,2
DA:131,1
DA:132,1
DA:133,1
DA:134,2
DA:135,2
DA:136,1
DA:138,1
DA:139,1
DA:140,1
DA:141,1
DA:142,1
DA:143,1
DA:144,1
DA:145,1
DA:148,1
DA:149,5
DA:152,1
DA:154,1
DA:155,1
DA:156,2
DA:157,1
DA:158,1
DA:166,1
DA:167,1
DA:168,1
DA:169,1
DA:171,1
DA:172,1
DA:173,1
DA:174,1
DA:177,1
DA:178,5
DA:181,1
DA:182,1
DA:183,1
DA:184,3
DA:185,1
DA:186,1
DA:187,1
DA:188,2
DA:189,3
DA:190,1
DA:191,1
DA:192,4
DA:193,2
DA:194,1
DA:195,2
DA:196,3
DA:201,1
DA:202,1
DA:205,1
DA:206,1
DA:207,1
DA:208,4
DA:209,7
DA:210,1
DA:211,1
DA:212,1
DA:214,1
DA:215,3
DA:216,1
DA:218,1
DA:219,1
DA:220,1
DA:221,2
DA:222,1
DA:223,1
DA:224,2
DA:225,1
DA:226,4
DA:231,1
DA:232,1
DA:233,9
DA:234,1
DA:235,6
DA:236,1
DA:239,1
DA:240,8
DA:241,1
DA:242,1
DA:244,1
DA:245,1
DA:247,1
DA:249,2
DA:251,1
DA:254,1
DA:255,1
DA:257,1
DA:284,1
DA:285,4
DA:286,2
DA:287,3
DA:289,2
DA:292,1
DA:293,1
DA:294,2
DA:295,1
DA:301,1
DA:302,5
DA:304,1
DA:305,1
DA:306,1
DA:307,3
DA:314,1
DA:315,5
DA:316,3
DA:319,1
DA:320,2
DA:321,5
DA:323,1
DA:324,1
DA:325,4
DA:332,1
DA:333,5
DA:334,1
DA:336,1
DA:337,4
DA:338,1
DA:339,1
DA:340,3
DA:344,1
DA:345,7
DA:346,1
DA:348,4
DA:357,1
DA:358,3
DA:359,1
DA:360,3
DA:361,7
DA:362,2
DA:364,1
DA:365,1
DA:367,2
DA:369,1
DA:370,1
DA:372,1
DA:375,1
DA:376,4
DA:377,5
DA:379,3
DA:380,2
DA:381,2
DA:385,1
DA:386,6
DA:387,8
DA:388,3
DA:389,2
DA:391,1
DA:392,1
DA:394,2
DA:396,1
DA:397,1
LF:198
LH:198
end_of_record
SF:lib/src/timetable_controller.dart
DA:8,2
DA:24,2
DA:25,6
DA:26,2
DA:27,2
DA:28,2
DA:29,4
DA:35,4
DA:36,1
DA:37,2
DA:38,3
DA:44,4
DA:49,4
DA:52,3
DA:57,2
DA:62,2
DA:67,4
DA:70,2
DA:71,1
DA:72,4
DA:73,4
DA:78,6
DA:81,3
DA:84,2
DA:85,6
DA:86,2
DA:91,2
DA:92,4
DA:96,2
DA:97,4
DA:98,2
DA:99,4
DA:103,1
DA:104,2
DA:105,1
DA:106,1
DA:107,2
DA:111,2
DA:112,2
DA:122,1
DA:127,2
DA:133,2
DA:139,1
LF:43
LH:43
end_of_record
SF:lib/src/timetable_item.dart
DA:12,2
DA:13,4
DA:14,2
LF:3
LH:3
end_of_record
